make all --print-data-base --no-builtin-variables --no-builtin-rules --question
# GNU Make 3.81
# Copyright (C) 2006  Free Software Foundation, Inc.
# This is free software; see the source for copying conditions.
# There is NO warranty; not even for MERCHANTABILITY or FITNESS FOR A
# PARTICULAR PURPOSE.

# This program built for i386-apple-darwin11.3.0
 
make: *** No rule to make target `all'
.  Stop.


# Make data base, printed on Mon May 23 21:12:22 2022

 
# Variables

# automatic
<D = $(patsubst %/,%,$(dir $<))
# environment
RUBY_VERSION = ruby-3.0.0
# automatic
?F = $(notdir $?)
# environment
VSCODE_LOG_NATIVE = false
# automatic
?D = $(patsubst %/,%,$(dir $?))
# environment
rvm_path = /Users/tuannguyen/.rvm
# automatic
@D = $(patsubst %/,%,$(dir $@))
# automatic
@F = $(notdir $@)
# makefile
CURDIR := /Users/tuannguyen/Projects/weedy
# makefile
SHELL = /bin/sh
# environment
VSCODE_NLS_CONFIG = {"locale":"en-us","availableLanguages":{},"_languagePackSupport":true}
# environment
_ = /usr/bin/make
# makefile (from `Makefile', line 1)
MAKEFILE_LIST :=  Makefile
# environment
VSCODE_AMD_ENTRYPOINT = vs/workbench/api/node/extensionHostProcess
# environment
VSCODE_VERBOSE_LOGGING = true
# environment
__CFBundleIdentifier = com.microsoft.VSCode
# environment
INFOPATH = /opt/homebrew/share/info:
# environment
VSCODE_IPC_HOOK_EXTHOST = /var/folders/h7/89d7bk6j2010lbw2smx8k2s80000gn/T/vscode-ipc-c53ad649-2f15-43f6-a718-5604fd12db42.sock
# environment
VSCODE_CWD = /
# environment
GOPROXY = https://proxy.golang.org,direct
# environment
PATH = /usr/local/go/bin:/usr/bin:/bin:/usr/sbin:/sbin:/usr/local/bin
# environment
GOPATH = /Users/tuannguyen/go
# environment
LaunchInstanceID = E2C8FDBB-CCA2-4D1E-9FA8-EAEB9BB008FE
# environment
VSCODE_LOG_STACK = false
# environment
ELECTRON_RUN_AS_NODE = 1
# default
.FEATURES := target-specific order-only second-expansion else-if archives jobserver check-symlink
# environment
SSH_AUTH_SOCK = /private/tmp/com.apple.launchd.c7eHOKyve7/Listeners
# automatic
%F = $(notdir $%)
# environment
CONDA_EXE = /Users/tuannguyen/opt/anaconda3/bin/conda
# environment
VSCODE_PIPE_LOGGING = true
# environment
rvm_bin_path = /Users/tuannguyen/.rvm/bin
# environment
PWD = /Users/tuannguyen/Projects/weedy
# environment
HOMEBREW_CELLAR = /opt/homebrew/Cellar
# environment
GEM_HOME = /Users/tuannguyen/.rvm/gems/ruby-3.0.0
# environment
ORIGINAL_XDG_CURRENT_DESKTOP = undefined
# environment
MANPATH = /opt/homebrew/share/man::
# environment
GOMODCACHE = /Users/tuannguyen/go/pkg/mod
# environment
HOME = /Users/tuannguyen
# default
MAKEFILEPATH := /Applications/Xcode.app/Contents/Developer/Makefiles
# environment
VSCODE_CODE_CACHE_PATH = /Users/tuannguyen/Library/Application Support/Code/CachedData/c3511e6c69bb39013c4a4b7b9566ec1ca73fc4d5
# environment
LOGNAME = tuannguyen
# environment
APPLICATION_INSIGHTS_NO_DIAGNOSTIC_CHANNEL = 1
# environment
VSCODE_HANDLES_UNCAUGHT_ERRORS = true
# automatic
^D = $(patsubst %/,%,$(dir $^))
# environment
GEM_PATH = /Users/tuannguyen/.rvm/gems/ruby-3.0.0:/Users/tuannguyen/.rvm/gems/ruby-3.0.0@global
# environment
XPC_FLAGS = 0x0
# default
MAKE = $(MAKE_COMMAND)
# default
MAKECMDGOALS := all
# environment
IRBRC = /Users/tuannguyen/.rvm/rubies/ruby-3.0.0/.irbrc
# environment
SHLVL = 1
# default
MAKE_VERSION := 3.81
# environment
USER = tuannguyen
# makefile
.DEFAULT_GOAL := run
# environment
rvm_version = 1.29.12 (latest)
# automatic
%D = $(patsubst %/,%,$(dir $%))
# environment
CONDA_SHLVL = 0
# default
MAKE_COMMAND := /Applications/Xcode.app/Contents/Developer/usr/bin/make
# default
.VARIABLES := 
 
# environment
TMPDIR = /var/folders/h7/89d7bk6j2010lbw2smx8k2s80000gn/T/
# automatic
*F = $(notdir $*)
# environment
VSCODE_IPC_HOOK = /Users/tuannguyen/Library/Application Support/Code/1.67.2-main.sock
# makefile
MAKEFLAGS = Rrqp
# environment
MFLAGS = -Rrqp
# automatic
*D = $(patsubst %/,%,$(dir $*))
# environment
XPC_SERVICE_NAME = application.com.microsoft.VSCode.12963126.12963132.AEE3E011-5057-490D-81A9-58204706B34F
# environment
HOMEBREW_PREFIX = /opt/homebrew
# automatic
+D = $(patsubst %/,%,$(dir $+))
# automatic
+F = $(notdir $+)
# environment
HOMEBREW_REPOSITORY = /opt/homebrew
# environment
__CF_USER_TEXT_ENCODING = 0x1F5:0x0:0x0
# environment
COMMAND_MODE = unix2003
# default
MAKEFILES := 
# automatic
<F = $(notdir $<)
# environment
LC_ALL = C
# environment
CONDA_PYTHON_EXE = /Users/tuannguyen/opt/anaconda3/bin/python
# automatic
^F = $(notdir $^)
# environment
rvm_prefix = /Users/tuannguyen
# default
SUFFIXES := 
# environment
_CE_M = 
# environment
MAKELEVEL := 0
# environment
LANG = C
# environment
VSCODE_PID = 22247
# environment
MY_RUBY_HOME = /Users/tuannguyen/.rvm/rubies/ruby-3.0.0
# environment
_CE_CONDA = 
# variable set hash-table stats:
# Load=84/1024=8%, Rehash=0, Collisions=3/107=3%

# Pattern-specific Variable Values

# No pattern-specific variable values.

# Directories

# . (device 16777233, inode 7506086): 16 files, no impossibilities.

# 16 files, no impossibilities in 1 directories.

# Implicit Rules

# No implicit rules.

# Files

# Not a target:
all:
#  Command-line target.
#  Implicit rule search has been done.
#  File does not exist.
#  File has not been updated.
# variable set hash-table stats:
# Load=0/32=0%, Rehash=0, Collisions=0/0=0%

# Not a target:
.SUFFIXES:
#  Implicit rule search has not been done.
#  Modification time never checked.
#  File has not been updated.

# Not a target:
Makefile:
#  Implicit rule search has been done.
#  Last modified 2022-03-13 16:07:28
#  File has been updated.
#  Successfully updated.
# variable set hash-table stats:
# Load=0/32=0%, Rehash=0, Collisions=0/0=0%

proto:
#  Implicit rule search has not been done.
#  Modification time never checked.
 
#  File has not been updated.
#  commands to execute (from `Makefile', line 4):
	buf generate
	

test:
#  Implicit rule search has not been done.
#  Modification time never checked.
#  File has not been updated.
#  commands to execute (from `Makefile', line 6):
	go test -v ./... -cover
	

# Not a target:
.DEFAULT:
#  Implicit rule search has not been done.
#  Modification time never checked.
#  File has not been updated.

run:
#  Implicit rule search has not been done.
#  Modification time never checked.
#  File has not been updated.
#  commands to execute (from `Makefile', line 2):
	docker-compose up --build
	

# files hash-table stats:
# Load=7/1024=1%, Rehash=0, Collisions=1/19=5%
# VPATH Search Paths

# No `vpath' search paths.

# No general (`VPATH' variable) search path.

# # of strings in strcache: 1
# # of strcache buffers: 1
# strcache size: total = 4096 / max = 4096 / min = 4096 / avg = 4096
# strcache free: total = 4087 / max = 4087 / min = 4087 / avg = 4087

# Finished Make data base on Mon May 23 21:12:22 2022

 
